{"/Users/shimmyroy.dasari/Library/CloudStorage/OneDrive-Bounteous/Documents/Bounteous/Dining Web Training/Training Tasks/Jest-Unit-Testing/src/api/users.ts": {"path":"/Users/shimmyroy.dasari/Library/CloudStorage/OneDrive-Bounteous/Documents/Bounteous/Dining Web Training/Training Tasks/Jest-Unit-Testing/src/api/users.ts","statementMap":{"0":{"start":{"line":1,"column":0},"end":{"line":1,"column":26}},"1":{"start":{"line":4,"column":21},"end":{"line":16,"column":1}},"2":{"start":{"line":5,"column":4},"end":{"line":15,"column":null}},"3":{"start":{"line":6,"column":25},"end":{"line":6,"column":86}},"4":{"start":{"line":7,"column":34},"end":{"line":7,"column":47}},"5":{"start":{"line":8,"column":8},"end":{"line":8,"column":20}},"6":{"start":{"line":11,"column":8},"end":{"line":11,"column":52}},"7":{"start":{"line":13,"column":8},"end":{"line":13,"column":18}},"8":{"start":{"line":18,"column":0},"end":{"line":18,"column":28}}},"fnMap":{"0":{"name":"(anonymous_1)","decl":{"start":{"line":4,"column":21},"end":{"line":4,"column":26}},"loc":{"start":{"line":4,"column":54},"end":{"line":16,"column":1}}}},"branchMap":{},"s":{"0":1,"1":1,"2":2,"3":2,"4":1,"5":1,"6":1,"7":1,"8":1},"f":{"0":2},"b":{}}
}
