{"/Users/shimmyroy.dasari/Library/CloudStorage/OneDrive-Bounteous/Documents/Bounteous/Dining Web Training/Training Tasks/Jest-Unit-Testing/src/add.ts": {"path":"/Users/shimmyroy.dasari/Library/CloudStorage/OneDrive-Bounteous/Documents/Bounteous/Dining Web Training/Training Tasks/Jest-Unit-Testing/src/add.ts","statementMap":{"0":{"start":{"line":1,"column":12},"end":{"line":1,"column":53}},"1":{"start":{"line":1,"column":47},"end":{"line":1,"column":52}},"2":{"start":{"line":2,"column":0},"end":{"line":2,"column":19}}},"fnMap":{"0":{"name":"(anonymous_0)","decl":{"start":{"line":1,"column":12},"end":{"line":1,"column":13}},"loc":{"start":{"line":1,"column":47},"end":{"line":1,"column":52}}}},"branchMap":{},"s":{"0":1,"1":1,"2":1},"f":{"0":1},"b":{}}
}
